Info    : Reading 'cube_ascii_41.msh'...
Info    : 27 entities
Info    : 14 nodes
Info    : 68 elements
Info    : Done reading 'cube_ascii_41.msh'
entites::point::[(0, 1), (0, 2), (0, 3), (0, 4), (0, 5), (0, 6), (0, 10), (0, 14)]
entites::curve::[(1, 1), (1, 2), (1, 3), (1, 4), (1, 6), (1, 7), (1, 8), (1, 9), (1, 11), (1, 12), (1, 16), (1, 20)]
entites::surface::[(2, 1), (2, 13), (2, 17), (2, 21), (2, 25), (2, 26)]
entites::volume::[(3, 1)]
boundary::gmsh.model.getBoundary([(3, 1)])::[(2, -1), (2, 13), (2, 17), (2, 21), (2, 25), (2, 26)]
occ::1
is_joint::False
num_nodes::[4]
elements_index::[array([45, 46, 47, 48, 49, 50, 51, 52, 53, 54, 55, 56, 57, 58, 59, 60, 61,
       62, 63, 64, 65, 66, 67, 68], dtype=uint64)]
elements_nodes_index::[[10  9 12 11]
 [10 12 13 14]
 [ 9 10 12 13]
 [10 12 14 11]
 [ 9 10  1  2]
 [ 7 11 12  3]
 [ 4  1  9 13]
 [13 12  4  8]
 [ 1 10 13  5]
 [13  8  5 14]
 [12  8 14  7]
 [14  5 10  6]
 [14  6 11  7]
 [ 9  4 12  3]
 [ 3 11  9  2]
 [11  6 10  2]
 [ 6 10 14 11]
 [ 1 10  9 13]
 [12  4  9 13]
 [ 5 10 13 14]
 [ 8 13 12 14]
 [12 14 11  7]
 [ 9 12 11  3]
 [10  9 11  2]]
